

================================================================
== Vivado HLS Report for 'Loop_batch_loop_proc'
================================================================
* Date:           Sat Mar 13 01:17:00 2021

* Version:        2017.2 (Build 1909853 on Thu Jun 15 18:55:24 MDT 2017)
* Project:        fc_proj
* Solution:       solution1
* Product family: virtexu
* Target device:  xcvu095-ffvc1517-2-e


================================================================
== Performance Estimates
================================================================
+ Timing (ns): 
    * Summary: 
    +--------+-------+----------+------------+
    |  Clock | Target| Estimated| Uncertainty|
    +--------+-------+----------+------------+
    |ap_clk  |   4.00|      3.50|        0.50|
    +--------+-------+----------+------------+

+ Latency (clock cycles): 
    * Summary: 
    +-----+------------+-----+------------+---------+
    |      Latency     |     Interval     | Pipeline|
    | min |     max    | min |     max    |   Type  |
    +-----+------------+-----+------------+---------+
    |   46|  9249792004|   46|  9249792004|   none  |
    +-----+------------+-----+------------+---------+

    + Detail: 
        * Instance: 
        N/A

        * Loop: 
        +----------------------------------------+-----+------------+-------------+-----------+-----------+-----------+----------+
        |                                        |      Latency     |  Iteration  |  Initiation Interval  |    Trip   |          |
        |                Loop Name               | min |     max    |   Latency   |  achieved |   target  |   Count   | Pipelined|
        +----------------------------------------+-----+------------+-------------+-----------+-----------+-----------+----------+
        |- batch_loop_output_node_iterator_loop  |   42|  9249792000| 42 ~ 225825 |          -|          -| 1 ~ 40960 |    no    |
        | + accumulate_weighted_sum              |   23|      225806|           24|          9|          1| 1 ~ 25088 |    yes   |
        +----------------------------------------+-----+------------+-------------+-----------+-----------+-----------+----------+

============================================================
+ Verbose Summary: Synthesis Manager
============================================================
InlineROM: 1
ExposeGlobal: 0
============================================================
+ Verbose Summary: CDFG Model
============================================================
IsTopModel: 0
ResetActiveHigh: 1
IsCombinational: 2
IsDatapathOnly: 0
HasWiredReturn: 1
HasMFsm: 0
HasVarLatency: 1
IsPipeline: 0
IsRtlPipelined: 0
IsInstanceOverlapped: 0
IsDontTouch: 0
HasImplIP: 0
IsGatedGlobalClock: 0

+ Individual pipeline summary: 
  * Pipeline-0: initiation interval (II) = 9, depth = 24


============================================================
+ Verbose Summary: Schedule
============================================================
* Number of FSM states: 52
* Pipeline: 1
  Pipeline-0: II = 9, D = 24, States = { 15 16 17 18 19 20 21 22 23 24 25 26 27 28 29 30 31 32 33 34 35 36 37 38 }
* Dataflow Pipeline: 0

* FSM state transitions: 
1 --> 
	2  / true
2 --> 
	3  / true
3 --> 
	4  / true
4 --> 
	5  / true
5 --> 
	6  / (!exitcond_flatten)
6 --> 
	7  / true
7 --> 
	8  / true
8 --> 
	9  / true
9 --> 
	10  / true
10 --> 
	11  / true
11 --> 
	12  / true
12 --> 
	13  / true
13 --> 
	14  / true
14 --> 
	15  / true
15 --> 
	39  / (!tmp_19_i_i)
	16  / (tmp_19_i_i)
16 --> 
	17  / true
17 --> 
	18  / true
18 --> 
	19  / true
19 --> 
	20  / true
20 --> 
	21  / true
21 --> 
	22  / true
22 --> 
	23  / true
23 --> 
	24  / true
24 --> 
	25  / true
25 --> 
	26  / true
26 --> 
	27  / true
27 --> 
	28  / true
28 --> 
	29  / true
29 --> 
	30  / true
30 --> 
	31  / true
31 --> 
	32  / true
32 --> 
	33  / true
33 --> 
	34  / true
34 --> 
	35  / true
35 --> 
	36  / true
36 --> 
	37  / true
37 --> 
	38  / true
38 --> 
	15  / true
39 --> 
	40  / (!p_read_4)
	47  / (p_read_4)
40 --> 
	41  / true
41 --> 
	42  / true
42 --> 
	43  / true
43 --> 
	44  / true
44 --> 
	45  / true
45 --> 
	46  / true
46 --> 
	5  / true
47 --> 
	48  / true
48 --> 
	49  / true
49 --> 
	50  / true
50 --> 
	51  / true
51 --> 
	52  / true
52 --> 
	46  / true
* FSM state operations: 

 <State 1>: 0.71ns
ST_1: batch_size_read (19)  [1/1] 0.71ns
entry:9  %batch_size_read = call i32 @_ssdm_op_Read.ap_fifo.i32P(i32* %batch_size)

ST_1: num_outputs_read (20)  [1/1] 0.71ns
entry:10  %num_outputs_read = call i32 @_ssdm_op_Read.ap_fifo.i32P(i32* %num_outputs)

ST_1: num_inputs_read (21)  [1/1] 0.71ns
entry:11  %num_inputs_read = call i32 @_ssdm_op_Read.ap_fifo.i32P(i32* %num_inputs)


 <State 2>: 3.33ns
ST_2: cast (23)  [1/1] 0.00ns
entry:13  %cast = zext i32 %batch_size_read to i64

ST_2: cast1 (24)  [1/1] 0.00ns
entry:14  %cast1 = zext i32 %num_outputs_read to i64

ST_2: bound (25)  [3/3] 3.33ns
entry:15  %bound = mul i64 %cast1, %cast


 <State 3>: 3.33ns
ST_3: bound (25)  [2/3] 3.33ns
entry:15  %bound = mul i64 %cast1, %cast


 <State 4>: 3.33ns
ST_4: StgValue_60 (10)  [1/1] 0.00ns
entry:0  call void (...)* @_ssdm_op_SpecInterface(float* %mem, [6 x i8]* @p_str1, i32 0, i32 0, [1 x i8]* @p_str, i32 0, i64 2147483648, [1 x i8]* @p_str, [1 x i8]* @p_str, [1 x i8]* @p_str, i32 16, i32 16, i32 16, i32 16, [1 x i8]* @p_str, [1 x i8]* @p_str)

ST_4: StgValue_61 (11)  [1/1] 0.00ns
entry:1  call void (...)* @_ssdm_op_SpecInterface(i32* %num_inputs, [8 x i8]* @ap_fifo_str, i32 0, i32 0, [1 x i8]* @p_str, i32 0, i32 0, [1 x i8]* @p_str, [1 x i8]* @p_str, [1 x i8]* @p_str, i32 2, i32 2, i32 16, i32 16, [1 x i8]* @p_str, [1 x i8]* @p_str)

ST_4: StgValue_62 (12)  [1/1] 0.00ns
entry:2  call void (...)* @_ssdm_op_SpecInterface(i32* %num_outputs, [8 x i8]* @ap_fifo_str, i32 0, i32 0, [1 x i8]* @p_str, i32 0, i32 0, [1 x i8]* @p_str, [1 x i8]* @p_str, [1 x i8]* @p_str, i32 2, i32 2, i32 16, i32 16, [1 x i8]* @p_str, [1 x i8]* @p_str)

ST_4: StgValue_63 (13)  [1/1] 0.00ns
entry:3  call void (...)* @_ssdm_op_SpecInterface(i32* %batch_size, [8 x i8]* @ap_fifo_str, i32 0, i32 0, [1 x i8]* @p_str, i32 0, i32 0, [1 x i8]* @p_str, [1 x i8]* @p_str, [1 x i8]* @p_str, i32 2, i32 2, i32 16, i32 16, [1 x i8]* @p_str, [1 x i8]* @p_str)

ST_4: p_read_1 (14)  [1/1] 0.00ns
entry:4  %p_read_1 = call i64 @_ssdm_op_Read.ap_auto.i64(i64 %p_read4)

ST_4: p_read_2 (15)  [1/1] 0.00ns
entry:5  %p_read_2 = call i64 @_ssdm_op_Read.ap_auto.i64(i64 %p_read3)

ST_4: p_read_3 (16)  [1/1] 0.00ns
entry:6  %p_read_3 = call i64 @_ssdm_op_Read.ap_auto.i64(i64 %p_read2)

ST_4: p_read_4 (17)  [1/1] 0.00ns
entry:7  %p_read_4 = call i1 @_ssdm_op_Read.ap_auto.i1(i1 %p_read1)

ST_4: p_read_5 (18)  [1/1] 0.00ns
entry:8  %p_read_5 = call i64 @_ssdm_op_Read.ap_auto.i64(i64 %p_read)

ST_4: tmp5 (22)  [1/1] 1.14ns  loc: ../fc_test/fc_layer.cpp:42
entry:12  %tmp5 = add i64 %p_read_2, %p_read_1

ST_4: bound (25)  [1/3] 3.33ns
entry:15  %bound = mul i64 %cast1, %cast

ST_4: StgValue_71 (26)  [1/1] 0.55ns
entry:16  br label %0


 <State 5>: 2.22ns
ST_5: indvar_flatten (28)  [1/1] 0.00ns
:0  %indvar_flatten = phi i64 [ 0, %entry ], [ %indvar_flatten_next, %1 ]

ST_5: b_i_i (29)  [1/1] 0.00ns  loc: ../fc_test/fc_layer.cpp:51
:1  %b_i_i = phi i31 [ 0, %entry ], [ %tmp_9_i_i_cast_mid2_s, %1 ]

ST_5: o_i_i (30)  [1/1] 0.00ns
:2  %o_i_i = phi i31 [ 0, %entry ], [ %o, %1 ]

ST_5: o_cast_i_i (31)  [1/1] 0.00ns  loc: ../fc_test/fc_layer.cpp:31
:3  %o_cast_i_i = zext i31 %o_i_i to i32

ST_5: tmp_12_i_i (32)  [1/1] 0.90ns  loc: ../fc_test/fc_layer.cpp:31
:4  %tmp_12_i_i = icmp slt i32 %o_cast_i_i, %num_outputs_read

ST_5: exitcond_flatten (33)  [1/1] 0.96ns
:5  %exitcond_flatten = icmp eq i64 %indvar_flatten, %bound

ST_5: indvar_flatten_next (34)  [1/1] 1.14ns
:6  %indvar_flatten_next = add i64 %indvar_flatten, 1

ST_5: StgValue_79 (35)  [1/1] 0.00ns
:7  br i1 %exitcond_flatten, label %.exit, label %.reset

ST_5: o_i_i_mid2 (39)  [1/1] 0.12ns  loc: ../fc_test/fc_layer.cpp:31
.reset:2  %o_i_i_mid2 = select i1 %tmp_12_i_i, i31 %o_i_i, i31 0

ST_5: b (40)  [1/1] 1.01ns  loc: ../fc_test/fc_layer.cpp:27
.reset:3  %b = add i31 %b_i_i, 1

ST_5: tmp_9_i_i_cast_mid2_s (41)  [1/1] 0.12ns  loc: ../fc_test/fc_layer.cpp:51
.reset:4  %tmp_9_i_i_cast_mid2_s = select i1 %tmp_12_i_i, i31 %b_i_i, i31 %b

ST_5: tmp_13_i_i (51)  [1/1] 0.00ns  loc: ../fc_test/fc_layer.cpp:35
.reset:14  %tmp_13_i_i = zext i31 %o_i_i_mid2 to i64

ST_5: tmp (52)  [1/1] 0.60ns  loc: ../fc_test/fc_layer.cpp:35
.reset:15  %tmp = add i64 %tmp_13_i_i, %p_read_3

ST_5: tmp_15_i_i (53)  [1/1] 0.60ns  loc: ../fc_test/fc_layer.cpp:35
.reset:16  %tmp_15_i_i = add i64 %tmp, %p_read_2

ST_5: mem_addr (54)  [1/1] 0.00ns  loc: ../fc_test/fc_layer.cpp:35
.reset:17  %mem_addr = getelementptr inbounds float* %mem, i64 %tmp_15_i_i

ST_5: StgValue_87 (120)  [1/1] 0.00ns
.exit:0  ret void


 <State 6>: 3.50ns
ST_6: tmp_9_i_i_cast_mid2_1 (42)  [1/1] 0.00ns  loc: ../fc_test/fc_layer.cpp:51
.reset:5  %tmp_9_i_i_cast_mid2_1 = zext i31 %tmp_9_i_i_cast_mid2_s to i32

ST_6: tmp_11_i_i_mid2_v_v (45)  [3/3] 3.33ns  loc: ../fc_test/fc_layer.cpp:51
.reset:8  %tmp_11_i_i_mid2_v_v = mul i32 %num_outputs_read, %tmp_9_i_i_cast_mid2_1

ST_6: output_element_req (55)  [7/7] 3.50ns  loc: ../fc_test/fc_layer.cpp:35
.reset:18  %output_element_req = call i1 @_ssdm_op_ReadReq.m_axi.floatP(float* %mem_addr, i32 1)


 <State 7>: 3.50ns
ST_7: tmp_11_i_i_mid2_v_v (45)  [2/3] 3.33ns  loc: ../fc_test/fc_layer.cpp:51
.reset:8  %tmp_11_i_i_mid2_v_v = mul i32 %num_outputs_read, %tmp_9_i_i_cast_mid2_1

ST_7: output_element_req (55)  [6/7] 3.50ns  loc: ../fc_test/fc_layer.cpp:35
.reset:18  %output_element_req = call i1 @_ssdm_op_ReadReq.m_axi.floatP(float* %mem_addr, i32 1)


 <State 8>: 3.50ns
ST_8: tmp_11_i_i_mid2_v_v (45)  [1/3] 3.33ns  loc: ../fc_test/fc_layer.cpp:51
.reset:8  %tmp_11_i_i_mid2_v_v = mul i32 %num_outputs_read, %tmp_9_i_i_cast_mid2_1

ST_8: output_element_req (55)  [5/7] 3.50ns  loc: ../fc_test/fc_layer.cpp:35
.reset:18  %output_element_req = call i1 @_ssdm_op_ReadReq.m_axi.floatP(float* %mem_addr, i32 1)


 <State 9>: 3.50ns
ST_9: tmp_11_i_i_mid2_v (46)  [1/1] 0.00ns  loc: ../fc_test/fc_layer.cpp:51
.reset:9  %tmp_11_i_i_mid2_v = sext i32 %tmp_11_i_i_mid2_v_v to i64

ST_9: tmp_11_i_i_mid2 (47)  [1/1] 1.14ns  loc: ../fc_test/fc_layer.cpp:51
.reset:10  %tmp_11_i_i_mid2 = add i64 %tmp_11_i_i_mid2_v, %p_read_5

ST_9: output_element_req (55)  [4/7] 3.50ns  loc: ../fc_test/fc_layer.cpp:35
.reset:18  %output_element_req = call i1 @_ssdm_op_ReadReq.m_axi.floatP(float* %mem_addr, i32 1)


 <State 10>: 3.50ns
ST_10: output_element_req (55)  [3/7] 3.50ns  loc: ../fc_test/fc_layer.cpp:35
.reset:18  %output_element_req = call i1 @_ssdm_op_ReadReq.m_axi.floatP(float* %mem_addr, i32 1)


 <State 11>: 3.50ns
ST_11: output_element_req (55)  [2/7] 3.50ns  loc: ../fc_test/fc_layer.cpp:35
.reset:18  %output_element_req = call i1 @_ssdm_op_ReadReq.m_axi.floatP(float* %mem_addr, i32 1)


 <State 12>: 3.50ns
ST_12: tmp_9_i_i_cast_mid2_2 (43)  [3/3] 3.33ns  loc: ../fc_test/fc_layer.cpp:51
.reset:6  %tmp_9_i_i_cast_mid2_2 = mul i32 %num_inputs_read, %tmp_9_i_i_cast_mid2_1

ST_12: o_cast_i_i_mid2_cast (48)  [1/1] 0.00ns  loc: ../fc_test/fc_layer.cpp:31
.reset:11  %o_cast_i_i_mid2_cast = zext i31 %o_i_i_mid2 to i32

ST_12: output_element_req (55)  [1/7] 3.50ns  loc: ../fc_test/fc_layer.cpp:35
.reset:18  %output_element_req = call i1 @_ssdm_op_ReadReq.m_axi.floatP(float* %mem_addr, i32 1)

ST_12: tmp_16_i_i (57)  [3/3] 3.33ns  loc: ../fc_test/fc_layer.cpp:43
.reset:20  %tmp_16_i_i = mul nsw i32 %num_inputs_read, %o_cast_i_i_mid2_cast


 <State 13>: 3.50ns
ST_13: tmp_9_i_i_cast_mid2_2 (43)  [2/3] 3.33ns  loc: ../fc_test/fc_layer.cpp:51
.reset:6  %tmp_9_i_i_cast_mid2_2 = mul i32 %num_inputs_read, %tmp_9_i_i_cast_mid2_1

ST_13: output_element (56)  [1/1] 3.50ns  loc: ../fc_test/fc_layer.cpp:35
.reset:19  %output_element = call float @_ssdm_op_Read.m_axi.floatP(float* %mem_addr)

ST_13: tmp_16_i_i (57)  [2/3] 3.33ns  loc: ../fc_test/fc_layer.cpp:43
.reset:20  %tmp_16_i_i = mul nsw i32 %num_inputs_read, %o_cast_i_i_mid2_cast


 <State 14>: 3.33ns
ST_14: StgValue_107 (37)  [1/1] 0.00ns
.reset:0  call void (...)* @_ssdm_op_SpecLoopName([37 x i8]* @batch_loop_output_no)

ST_14: StgValue_108 (38)  [1/1] 0.00ns
.reset:1  call void (...)* @_ssdm_op_SpecLoopTripCount(i64 1, i64 40960, i64 10240)

ST_14: tmp_9_i_i_cast_mid2_2 (43)  [1/3] 3.33ns  loc: ../fc_test/fc_layer.cpp:51
.reset:6  %tmp_9_i_i_cast_mid2_2 = mul i32 %num_inputs_read, %tmp_9_i_i_cast_mid2_1

ST_14: tmp_9_i_i_cast_mid2 (44)  [1/1] 0.00ns  loc: ../fc_test/fc_layer.cpp:51
.reset:7  %tmp_9_i_i_cast_mid2 = sext i32 %tmp_9_i_i_cast_mid2_2 to i33

ST_14: StgValue_111 (49)  [1/1] 0.00ns  loc: ../fc_test/fc_layer.cpp:31
.reset:12  call void (...)* @_ssdm_op_SpecLoopName([26 x i8]* @p_str5) nounwind

ST_14: tmp_37_i_i (50)  [1/1] 0.00ns  loc: ../fc_test/fc_layer.cpp:31
.reset:13  %tmp_37_i_i = call i32 (...)* @_ssdm_op_SpecRegionBegin([26 x i8]* @p_str5) nounwind

ST_14: tmp_16_i_i (57)  [1/3] 3.33ns  loc: ../fc_test/fc_layer.cpp:43
.reset:20  %tmp_16_i_i = mul nsw i32 %num_inputs_read, %o_cast_i_i_mid2_cast

ST_14: tmp_17_i_i_cast (58)  [1/1] 0.00ns  loc: ../fc_test/fc_layer.cpp:39
.reset:21  %tmp_17_i_i_cast = sext i32 %tmp_16_i_i to i33

ST_14: StgValue_115 (59)  [1/1] 0.55ns  loc: ../fc_test/fc_layer.cpp:39
.reset:22  br label %4


 <State 15>: 2.22ns
ST_15: tmp_18_i_i (61)  [1/1] 0.00ns
:0  %tmp_18_i_i = phi float [ %output_element, %.reset ], [ %output_element_1, %5 ]

ST_15: i_i_i (62)  [1/1] 0.00ns
:1  %i_i_i = phi i31 [ 0, %.reset ], [ %i, %5 ]

ST_15: i_cast_i_i (63)  [1/1] 0.00ns  loc: ../fc_test/fc_layer.cpp:39
:2  %i_cast_i_i = zext i31 %i_i_i to i32

ST_15: tmp_19_i_i (64)  [1/1] 0.90ns  loc: ../fc_test/fc_layer.cpp:39
:3  %tmp_19_i_i = icmp slt i32 %i_cast_i_i, %num_inputs_read

ST_15: i (65)  [1/1] 1.01ns  loc: ../fc_test/fc_layer.cpp:39
:4  %i = add i31 %i_i_i, 1

ST_15: StgValue_121 (66)  [1/1] 0.00ns  loc: ../fc_test/fc_layer.cpp:39
:5  br i1 %tmp_19_i_i, label %5, label %3

ST_15: tmp_20_i_i_cast (72)  [1/1] 0.00ns  loc: ../fc_test/fc_layer.cpp:42
:4  %tmp_20_i_i_cast = zext i31 %i_i_i to i33

ST_15: tmp7 (73)  [1/1] 1.01ns  loc: ../fc_test/fc_layer.cpp:42
:5  %tmp7 = add i33 %tmp_9_i_i_cast_mid2, %tmp_20_i_i_cast

ST_15: tmp7_cast (74)  [1/1] 0.00ns  loc: ../fc_test/fc_layer.cpp:42
:6  %tmp7_cast = sext i33 %tmp7 to i64

ST_15: tmp6 (75)  [1/1] 0.60ns  loc: ../fc_test/fc_layer.cpp:42
:7  %tmp6 = add i64 %tmp7_cast, %p_read_3

ST_15: tmp_24_i_i (76)  [1/1] 0.60ns  loc: ../fc_test/fc_layer.cpp:42
:8  %tmp_24_i_i = add i64 %tmp6, %tmp5

ST_15: mem_addr_1 (77)  [1/1] 0.00ns  loc: ../fc_test/fc_layer.cpp:42
:9  %mem_addr_1 = getelementptr inbounds float* %mem, i64 %tmp_24_i_i

ST_15: tmp8 (80)  [1/1] 1.01ns  loc: ../fc_test/fc_layer.cpp:43
:12  %tmp8 = add i33 %tmp_17_i_i_cast, %tmp_20_i_i_cast

ST_15: tmp8_cast (81)  [1/1] 0.00ns  loc: ../fc_test/fc_layer.cpp:43
:13  %tmp8_cast = sext i33 %tmp8 to i64

ST_15: tmp_26_i_i (82)  [1/1] 1.14ns  loc: ../fc_test/fc_layer.cpp:43
:14  %tmp_26_i_i = add i64 %tmp8_cast, %p_read_2

ST_15: mem_addr_2 (83)  [1/1] 0.00ns  loc: ../fc_test/fc_layer.cpp:43
:15  %mem_addr_2 = getelementptr inbounds float* %mem, i64 %tmp_26_i_i


 <State 16>: 3.50ns
ST_16: input_element_req (78)  [7/7] 3.50ns  loc: ../fc_test/fc_layer.cpp:42
:10  %input_element_req = call i1 @_ssdm_op_ReadReq.m_axi.floatP(float* %mem_addr_1, i32 1)


 <State 17>: 3.50ns
ST_17: input_element_req (78)  [6/7] 3.50ns  loc: ../fc_test/fc_layer.cpp:42
:10  %input_element_req = call i1 @_ssdm_op_ReadReq.m_axi.floatP(float* %mem_addr_1, i32 1)

ST_17: weight_element_req (84)  [7/7] 3.50ns  loc: ../fc_test/fc_layer.cpp:43
:16  %weight_element_req = call i1 @_ssdm_op_ReadReq.m_axi.floatP(float* %mem_addr_2, i32 1)


 <State 18>: 3.50ns
ST_18: input_element_req (78)  [5/7] 3.50ns  loc: ../fc_test/fc_layer.cpp:42
:10  %input_element_req = call i1 @_ssdm_op_ReadReq.m_axi.floatP(float* %mem_addr_1, i32 1)

ST_18: weight_element_req (84)  [6/7] 3.50ns  loc: ../fc_test/fc_layer.cpp:43
:16  %weight_element_req = call i1 @_ssdm_op_ReadReq.m_axi.floatP(float* %mem_addr_2, i32 1)


 <State 19>: 3.50ns
ST_19: input_element_req (78)  [4/7] 3.50ns  loc: ../fc_test/fc_layer.cpp:42
:10  %input_element_req = call i1 @_ssdm_op_ReadReq.m_axi.floatP(float* %mem_addr_1, i32 1)

ST_19: weight_element_req (84)  [5/7] 3.50ns  loc: ../fc_test/fc_layer.cpp:43
:16  %weight_element_req = call i1 @_ssdm_op_ReadReq.m_axi.floatP(float* %mem_addr_2, i32 1)


 <State 20>: 3.50ns
ST_20: input_element_req (78)  [3/7] 3.50ns  loc: ../fc_test/fc_layer.cpp:42
:10  %input_element_req = call i1 @_ssdm_op_ReadReq.m_axi.floatP(float* %mem_addr_1, i32 1)

ST_20: weight_element_req (84)  [4/7] 3.50ns  loc: ../fc_test/fc_layer.cpp:43
:16  %weight_element_req = call i1 @_ssdm_op_ReadReq.m_axi.floatP(float* %mem_addr_2, i32 1)


 <State 21>: 3.50ns
ST_21: input_element_req (78)  [2/7] 3.50ns  loc: ../fc_test/fc_layer.cpp:42
:10  %input_element_req = call i1 @_ssdm_op_ReadReq.m_axi.floatP(float* %mem_addr_1, i32 1)

ST_21: weight_element_req (84)  [3/7] 3.50ns  loc: ../fc_test/fc_layer.cpp:43
:16  %weight_element_req = call i1 @_ssdm_op_ReadReq.m_axi.floatP(float* %mem_addr_2, i32 1)


 <State 22>: 3.50ns
ST_22: input_element_req (78)  [1/7] 3.50ns  loc: ../fc_test/fc_layer.cpp:42
:10  %input_element_req = call i1 @_ssdm_op_ReadReq.m_axi.floatP(float* %mem_addr_1, i32 1)

ST_22: weight_element_req (84)  [2/7] 3.50ns  loc: ../fc_test/fc_layer.cpp:43
:16  %weight_element_req = call i1 @_ssdm_op_ReadReq.m_axi.floatP(float* %mem_addr_2, i32 1)


 <State 23>: 3.50ns
ST_23: input_element (79)  [1/1] 3.50ns  loc: ../fc_test/fc_layer.cpp:42
:11  %input_element = call float @_ssdm_op_Read.m_axi.floatP(float* %mem_addr_1)

ST_23: weight_element_req (84)  [1/7] 3.50ns  loc: ../fc_test/fc_layer.cpp:43
:16  %weight_element_req = call i1 @_ssdm_op_ReadReq.m_axi.floatP(float* %mem_addr_2, i32 1)


 <State 24>: 3.50ns
ST_24: weight_element (85)  [1/1] 3.50ns  loc: ../fc_test/fc_layer.cpp:43
:17  %weight_element = call float @_ssdm_op_Read.m_axi.floatP(float* %mem_addr_2)


 <State 25>: 3.08ns
ST_25: tmp_27_i_i (86)  [5/5] 3.08ns  loc: ../fc_test/fc_layer.cpp:44
:18  %tmp_27_i_i = fmul float %input_element, %weight_element


 <State 26>: 3.08ns
ST_26: tmp_27_i_i (86)  [4/5] 3.08ns  loc: ../fc_test/fc_layer.cpp:44
:18  %tmp_27_i_i = fmul float %input_element, %weight_element


 <State 27>: 3.08ns
ST_27: tmp_27_i_i (86)  [3/5] 3.08ns  loc: ../fc_test/fc_layer.cpp:44
:18  %tmp_27_i_i = fmul float %input_element, %weight_element


 <State 28>: 3.08ns
ST_28: tmp_27_i_i (86)  [2/5] 3.08ns  loc: ../fc_test/fc_layer.cpp:44
:18  %tmp_27_i_i = fmul float %input_element, %weight_element


 <State 29>: 3.08ns
ST_29: tmp_27_i_i (86)  [1/5] 3.08ns  loc: ../fc_test/fc_layer.cpp:44
:18  %tmp_27_i_i = fmul float %input_element, %weight_element


 <State 30>: 2.66ns
ST_30: output_element_1 (87)  [9/9] 2.66ns  loc: ../fc_test/fc_layer.cpp:44
:19  %output_element_1 = fadd float %tmp_18_i_i, %tmp_27_i_i


 <State 31>: 2.66ns
ST_31: output_element_1 (87)  [8/9] 2.66ns  loc: ../fc_test/fc_layer.cpp:44
:19  %output_element_1 = fadd float %tmp_18_i_i, %tmp_27_i_i


 <State 32>: 2.66ns
ST_32: output_element_1 (87)  [7/9] 2.66ns  loc: ../fc_test/fc_layer.cpp:44
:19  %output_element_1 = fadd float %tmp_18_i_i, %tmp_27_i_i


 <State 33>: 2.66ns
ST_33: output_element_1 (87)  [6/9] 2.66ns  loc: ../fc_test/fc_layer.cpp:44
:19  %output_element_1 = fadd float %tmp_18_i_i, %tmp_27_i_i


 <State 34>: 2.66ns
ST_34: output_element_1 (87)  [5/9] 2.66ns  loc: ../fc_test/fc_layer.cpp:44
:19  %output_element_1 = fadd float %tmp_18_i_i, %tmp_27_i_i


 <State 35>: 2.66ns
ST_35: output_element_1 (87)  [4/9] 2.66ns  loc: ../fc_test/fc_layer.cpp:44
:19  %output_element_1 = fadd float %tmp_18_i_i, %tmp_27_i_i


 <State 36>: 2.66ns
ST_36: output_element_1 (87)  [3/9] 2.66ns  loc: ../fc_test/fc_layer.cpp:44
:19  %output_element_1 = fadd float %tmp_18_i_i, %tmp_27_i_i


 <State 37>: 2.66ns
ST_37: output_element_1 (87)  [2/9] 2.66ns  loc: ../fc_test/fc_layer.cpp:44
:19  %output_element_1 = fadd float %tmp_18_i_i, %tmp_27_i_i


 <State 38>: 2.66ns
ST_38: StgValue_161 (68)  [1/1] 0.00ns  loc: ../fc_test/fc_layer.cpp:39
:0  call void (...)* @_ssdm_op_SpecLoopName([24 x i8]* @p_str6) nounwind

ST_38: tmp_38_i_i (69)  [1/1] 0.00ns  loc: ../fc_test/fc_layer.cpp:39
:1  %tmp_38_i_i = call i32 (...)* @_ssdm_op_SpecRegionBegin([24 x i8]* @p_str6) nounwind

ST_38: StgValue_163 (70)  [1/1] 0.00ns  loc: ../fc_test/fc_layer.cpp:40
:2  call void (...)* @_ssdm_op_SpecPipeline(i32 1, i32 1, i32 1, i32 0, [1 x i8]* @p_str) nounwind

ST_38: StgValue_164 (71)  [1/1] 0.00ns  loc: ../fc_test/fc_layer.cpp:41
:3  call void (...)* @_ssdm_op_SpecLoopTripCount(i32 1, i32 25088, i32 12544, [1 x i8]* @p_str) nounwind

ST_38: output_element_1 (87)  [1/9] 2.66ns  loc: ../fc_test/fc_layer.cpp:44
:19  %output_element_1 = fadd float %tmp_18_i_i, %tmp_27_i_i

ST_38: empty_9 (88)  [1/1] 0.00ns  loc: ../fc_test/fc_layer.cpp:45
:20  %empty_9 = call i32 (...)* @_ssdm_op_SpecRegionEnd([24 x i8]* @p_str6, i32 %tmp_38_i_i) nounwind

ST_38: StgValue_167 (89)  [1/1] 0.00ns  loc: ../fc_test/fc_layer.cpp:39
:21  br label %4


 <State 39>: 2.82ns
ST_39: StgValue_168 (91)  [1/1] 0.00ns  loc: ../fc_test/fc_layer.cpp:48
:0  br i1 %p_read_4, label %6, label %2

ST_39: tmp_4 (99)  [2/2] 2.82ns  loc: /opt/mnt/Xilinx/Vivado_HLS/2017.2/lnx64/tools/gcc/lib/gcc/x86_64-unknown-linux-gnu/4.6.3/../../../../include/c++/4.6.3/bits/stl_algobase.h:215->../fc_test/fc_layer.cpp:49
:6  %tmp_4 = fcmp ogt float %tmp_18_i_i, 0.000000e+00

ST_39: tmp_31_i_i (102)  [1/1] 1.14ns  loc: ../fc_test/fc_layer.cpp:49
:9  %tmp_31_i_i = add i64 %tmp_11_i_i_mid2, %tmp_13_i_i

ST_39: mem_addr_4 (103)  [1/1] 0.00ns  loc: ../fc_test/fc_layer.cpp:49
:10  %mem_addr_4 = getelementptr inbounds float* %mem, i64 %tmp_31_i_i

ST_39: tmp_28_i_i (109)  [1/1] 1.14ns  loc: ../fc_test/fc_layer.cpp:51
:0  %tmp_28_i_i = add i64 %tmp_11_i_i_mid2, %tmp_13_i_i

ST_39: mem_addr_3 (110)  [1/1] 0.00ns  loc: ../fc_test/fc_layer.cpp:51
:1  %mem_addr_3 = getelementptr inbounds float* %mem, i64 %tmp_28_i_i


 <State 40>: 3.50ns
ST_40: tmp_18_i_i_to_int (93)  [1/1] 0.00ns  loc: ../fc_test/fc_layer.cpp:35
:0  %tmp_18_i_i_to_int = bitcast float %tmp_18_i_i to i32

ST_40: tmp_1 (94)  [1/1] 0.00ns  loc: ../fc_test/fc_layer.cpp:35
:1  %tmp_1 = call i8 @_ssdm_op_PartSelect.i8.i32.i32.i32(i32 %tmp_18_i_i_to_int, i32 23, i32 30)

ST_40: tmp_2 (95)  [1/1] 0.00ns  loc: ../fc_test/fc_layer.cpp:35
:2  %tmp_2 = trunc i32 %tmp_18_i_i_to_int to i23

ST_40: notlhs (96)  [1/1] 0.69ns  loc: ../fc_test/fc_layer.cpp:35
:3  %notlhs = icmp ne i8 %tmp_1, -1

ST_40: notrhs (97)  [1/1] 0.93ns  loc: ../fc_test/fc_layer.cpp:35
:4  %notrhs = icmp eq i23 %tmp_2, 0

ST_40: tmp_3 (98)  [1/1] 0.00ns  loc: ../fc_test/fc_layer.cpp:35 (grouped into LUT with out node tmp_30_i_i)
:5  %tmp_3 = or i1 %notrhs, %notlhs

ST_40: tmp_4 (99)  [1/2] 2.82ns  loc: /opt/mnt/Xilinx/Vivado_HLS/2017.2/lnx64/tools/gcc/lib/gcc/x86_64-unknown-linux-gnu/4.6.3/../../../../include/c++/4.6.3/bits/stl_algobase.h:215->../fc_test/fc_layer.cpp:49
:6  %tmp_4 = fcmp ogt float %tmp_18_i_i, 0.000000e+00

ST_40: tmp_5 (100)  [1/1] 0.00ns  loc: /opt/mnt/Xilinx/Vivado_HLS/2017.2/lnx64/tools/gcc/lib/gcc/x86_64-unknown-linux-gnu/4.6.3/../../../../include/c++/4.6.3/bits/stl_algobase.h:215->../fc_test/fc_layer.cpp:49 (grouped into LUT with out node tmp_30_i_i)
:7  %tmp_5 = and i1 %tmp_3, %tmp_4

ST_40: tmp_30_i_i (101)  [1/1] 0.12ns  loc: ../fc_test/fc_layer.cpp:49 (out node of the LUT)
:8  %tmp_30_i_i = select i1 %tmp_5, float %tmp_18_i_i, float 0.000000e+00

ST_40: mem_addr_4_req (104)  [1/1] 3.50ns  loc: ../fc_test/fc_layer.cpp:49
:11  %mem_addr_4_req = call i1 @_ssdm_op_WriteReq.m_axi.floatP(float* %mem_addr_4, i32 1)


 <State 41>: 3.50ns
ST_41: StgValue_184 (105)  [1/1] 3.50ns  loc: ../fc_test/fc_layer.cpp:49
:12  call void @_ssdm_op_Write.m_axi.floatP(float* %mem_addr_4, float %tmp_30_i_i, i4 -1)


 <State 42>: 3.50ns
ST_42: mem_addr_4_resp (106)  [5/5] 3.50ns  loc: ../fc_test/fc_layer.cpp:49
:13  %mem_addr_4_resp = call i1 @_ssdm_op_WriteResp.m_axi.floatP(float* %mem_addr_4)


 <State 43>: 3.50ns
ST_43: mem_addr_4_resp (106)  [4/5] 3.50ns  loc: ../fc_test/fc_layer.cpp:49
:13  %mem_addr_4_resp = call i1 @_ssdm_op_WriteResp.m_axi.floatP(float* %mem_addr_4)


 <State 44>: 3.50ns
ST_44: mem_addr_4_resp (106)  [3/5] 3.50ns  loc: ../fc_test/fc_layer.cpp:49
:13  %mem_addr_4_resp = call i1 @_ssdm_op_WriteResp.m_axi.floatP(float* %mem_addr_4)


 <State 45>: 3.50ns
ST_45: mem_addr_4_resp (106)  [2/5] 3.50ns  loc: ../fc_test/fc_layer.cpp:49
:13  %mem_addr_4_resp = call i1 @_ssdm_op_WriteResp.m_axi.floatP(float* %mem_addr_4)


 <State 46>: 3.50ns
ST_46: mem_addr_4_resp (106)  [1/5] 3.50ns  loc: ../fc_test/fc_layer.cpp:49
:13  %mem_addr_4_resp = call i1 @_ssdm_op_WriteResp.m_axi.floatP(float* %mem_addr_4)

ST_46: StgValue_190 (107)  [1/1] 0.00ns  loc: ../fc_test/fc_layer.cpp:49
:14  br label %1

ST_46: mem_addr_3_resp (113)  [1/5] 3.50ns  loc: ../fc_test/fc_layer.cpp:51
:4  %mem_addr_3_resp = call i1 @_ssdm_op_WriteResp.m_axi.floatP(float* %mem_addr_3)

ST_46: StgValue_192 (114)  [1/1] 0.00ns
:5  br label %1

ST_46: empty (116)  [1/1] 0.00ns  loc: ../fc_test/fc_layer.cpp:52
:0  %empty = call i32 (...)* @_ssdm_op_SpecRegionEnd([26 x i8]* @p_str5, i32 %tmp_37_i_i) nounwind

ST_46: o (117)  [1/1] 1.01ns  loc: ../fc_test/fc_layer.cpp:31
:1  %o = add i31 %o_i_i_mid2, 1

ST_46: StgValue_195 (118)  [1/1] 0.00ns  loc: ../fc_test/fc_layer.cpp:31
:2  br label %0


 <State 47>: 3.50ns
ST_47: mem_addr_3_req (111)  [1/1] 3.50ns  loc: ../fc_test/fc_layer.cpp:51
:2  %mem_addr_3_req = call i1 @_ssdm_op_WriteReq.m_axi.floatP(float* %mem_addr_3, i32 1)


 <State 48>: 3.50ns
ST_48: StgValue_197 (112)  [1/1] 3.50ns  loc: ../fc_test/fc_layer.cpp:51
:3  call void @_ssdm_op_Write.m_axi.floatP(float* %mem_addr_3, float %tmp_18_i_i, i4 -1)


 <State 49>: 3.50ns
ST_49: mem_addr_3_resp (113)  [5/5] 3.50ns  loc: ../fc_test/fc_layer.cpp:51
:4  %mem_addr_3_resp = call i1 @_ssdm_op_WriteResp.m_axi.floatP(float* %mem_addr_3)


 <State 50>: 3.50ns
ST_50: mem_addr_3_resp (113)  [4/5] 3.50ns  loc: ../fc_test/fc_layer.cpp:51
:4  %mem_addr_3_resp = call i1 @_ssdm_op_WriteResp.m_axi.floatP(float* %mem_addr_3)


 <State 51>: 3.50ns
ST_51: mem_addr_3_resp (113)  [3/5] 3.50ns  loc: ../fc_test/fc_layer.cpp:51
:4  %mem_addr_3_resp = call i1 @_ssdm_op_WriteResp.m_axi.floatP(float* %mem_addr_3)


 <State 52>: 3.50ns
ST_52: mem_addr_3_resp (113)  [2/5] 3.50ns  loc: ../fc_test/fc_layer.cpp:51
:4  %mem_addr_3_resp = call i1 @_ssdm_op_WriteResp.m_axi.floatP(float* %mem_addr_3)



============================================================
+ Verbose Summary: Timing violations
============================================================
Target clock period: 4ns, clock uncertainty: 0.5ns.

 <State 1>: 0.706ns
The critical path consists of the following:
	fifo read on port 'batch_size' [19]  (0.706 ns)

 <State 2>: 3.33ns
The critical path consists of the following:
	'mul' operation ('bound') [25]  (3.33 ns)

 <State 3>: 3.33ns
The critical path consists of the following:
	'mul' operation ('bound') [25]  (3.33 ns)

 <State 4>: 3.33ns
The critical path consists of the following:
	'mul' operation ('bound') [25]  (3.33 ns)

 <State 5>: 2.22ns
The critical path consists of the following:
	'phi' operation ('o') with incoming values : ('o', ../fc_test/fc_layer.cpp:31) [30]  (0 ns)
	'icmp' operation ('tmp_12_i_i', ../fc_test/fc_layer.cpp:31) [32]  (0.901 ns)
	'select' operation ('o_i_i_mid2', ../fc_test/fc_layer.cpp:31) [39]  (0.115 ns)
	'add' operation ('tmp', ../fc_test/fc_layer.cpp:35) [52]  (0.602 ns)
	'add' operation ('tmp_15_i_i', ../fc_test/fc_layer.cpp:35) [53]  (0.602 ns)

 <State 6>: 3.5ns
The critical path consists of the following:
	bus request on port 'mem' (../fc_test/fc_layer.cpp:35) [55]  (3.5 ns)

 <State 7>: 3.5ns
The critical path consists of the following:
	bus request on port 'mem' (../fc_test/fc_layer.cpp:35) [55]  (3.5 ns)

 <State 8>: 3.5ns
The critical path consists of the following:
	bus request on port 'mem' (../fc_test/fc_layer.cpp:35) [55]  (3.5 ns)

 <State 9>: 3.5ns
The critical path consists of the following:
	bus request on port 'mem' (../fc_test/fc_layer.cpp:35) [55]  (3.5 ns)

 <State 10>: 3.5ns
The critical path consists of the following:
	bus request on port 'mem' (../fc_test/fc_layer.cpp:35) [55]  (3.5 ns)

 <State 11>: 3.5ns
The critical path consists of the following:
	bus request on port 'mem' (../fc_test/fc_layer.cpp:35) [55]  (3.5 ns)

 <State 12>: 3.5ns
The critical path consists of the following:
	bus request on port 'mem' (../fc_test/fc_layer.cpp:35) [55]  (3.5 ns)

 <State 13>: 3.5ns
The critical path consists of the following:
	bus read on port 'mem' (../fc_test/fc_layer.cpp:35) [56]  (3.5 ns)

 <State 14>: 3.33ns
The critical path consists of the following:
	'mul' operation ('tmp_9_i_i_cast_mid2_2', ../fc_test/fc_layer.cpp:51) [43]  (3.33 ns)

 <State 15>: 2.22ns
The critical path consists of the following:
	'phi' operation ('i') with incoming values : ('i', ../fc_test/fc_layer.cpp:39) [62]  (0 ns)
	'add' operation ('tmp7', ../fc_test/fc_layer.cpp:42) [73]  (1.01 ns)
	'add' operation ('tmp6', ../fc_test/fc_layer.cpp:42) [75]  (0.602 ns)
	'add' operation ('tmp_24_i_i', ../fc_test/fc_layer.cpp:42) [76]  (0.602 ns)

 <State 16>: 3.5ns
The critical path consists of the following:
	bus request on port 'mem' (../fc_test/fc_layer.cpp:42) [78]  (3.5 ns)

 <State 17>: 3.5ns
The critical path consists of the following:
	bus request on port 'mem' (../fc_test/fc_layer.cpp:42) [78]  (3.5 ns)

 <State 18>: 3.5ns
The critical path consists of the following:
	bus request on port 'mem' (../fc_test/fc_layer.cpp:42) [78]  (3.5 ns)

 <State 19>: 3.5ns
The critical path consists of the following:
	bus request on port 'mem' (../fc_test/fc_layer.cpp:42) [78]  (3.5 ns)

 <State 20>: 3.5ns
The critical path consists of the following:
	bus request on port 'mem' (../fc_test/fc_layer.cpp:42) [78]  (3.5 ns)

 <State 21>: 3.5ns
The critical path consists of the following:
	bus request on port 'mem' (../fc_test/fc_layer.cpp:42) [78]  (3.5 ns)

 <State 22>: 3.5ns
The critical path consists of the following:
	bus request on port 'mem' (../fc_test/fc_layer.cpp:42) [78]  (3.5 ns)

 <State 23>: 3.5ns
The critical path consists of the following:
	bus read on port 'mem' (../fc_test/fc_layer.cpp:42) [79]  (3.5 ns)

 <State 24>: 3.5ns
The critical path consists of the following:
	bus read on port 'mem' (../fc_test/fc_layer.cpp:43) [85]  (3.5 ns)

 <State 25>: 3.08ns
The critical path consists of the following:
	'fmul' operation ('tmp_27_i_i', ../fc_test/fc_layer.cpp:44) [86]  (3.08 ns)

 <State 26>: 3.08ns
The critical path consists of the following:
	'fmul' operation ('tmp_27_i_i', ../fc_test/fc_layer.cpp:44) [86]  (3.08 ns)

 <State 27>: 3.08ns
The critical path consists of the following:
	'fmul' operation ('tmp_27_i_i', ../fc_test/fc_layer.cpp:44) [86]  (3.08 ns)

 <State 28>: 3.08ns
The critical path consists of the following:
	'fmul' operation ('tmp_27_i_i', ../fc_test/fc_layer.cpp:44) [86]  (3.08 ns)

 <State 29>: 3.08ns
The critical path consists of the following:
	'fmul' operation ('tmp_27_i_i', ../fc_test/fc_layer.cpp:44) [86]  (3.08 ns)

 <State 30>: 2.66ns
The critical path consists of the following:
	'fadd' operation ('output_element', ../fc_test/fc_layer.cpp:44) [87]  (2.66 ns)

 <State 31>: 2.66ns
The critical path consists of the following:
	'fadd' operation ('output_element', ../fc_test/fc_layer.cpp:44) [87]  (2.66 ns)

 <State 32>: 2.66ns
The critical path consists of the following:
	'fadd' operation ('output_element', ../fc_test/fc_layer.cpp:44) [87]  (2.66 ns)

 <State 33>: 2.66ns
The critical path consists of the following:
	'fadd' operation ('output_element', ../fc_test/fc_layer.cpp:44) [87]  (2.66 ns)

 <State 34>: 2.66ns
The critical path consists of the following:
	'fadd' operation ('output_element', ../fc_test/fc_layer.cpp:44) [87]  (2.66 ns)

 <State 35>: 2.66ns
The critical path consists of the following:
	'fadd' operation ('output_element', ../fc_test/fc_layer.cpp:44) [87]  (2.66 ns)

 <State 36>: 2.66ns
The critical path consists of the following:
	'fadd' operation ('output_element', ../fc_test/fc_layer.cpp:44) [87]  (2.66 ns)

 <State 37>: 2.66ns
The critical path consists of the following:
	'fadd' operation ('output_element', ../fc_test/fc_layer.cpp:44) [87]  (2.66 ns)

 <State 38>: 2.66ns
The critical path consists of the following:
	'fadd' operation ('output_element', ../fc_test/fc_layer.cpp:44) [87]  (2.66 ns)

 <State 39>: 2.82ns
The critical path consists of the following:
	'fcmp' operation ('tmp_4', /opt/mnt/Xilinx/Vivado_HLS/2017.2/lnx64/tools/gcc/lib/gcc/x86_64-unknown-linux-gnu/4.6.3/../../../../include/c++/4.6.3/bits/stl_algobase.h:215->../fc_test/fc_layer.cpp:49) [99]  (2.82 ns)

 <State 40>: 3.5ns
The critical path consists of the following:
	bus request on port 'mem' (../fc_test/fc_layer.cpp:49) [104]  (3.5 ns)

 <State 41>: 3.5ns
The critical path consists of the following:
	bus write on port 'mem' (../fc_test/fc_layer.cpp:49) [105]  (3.5 ns)

 <State 42>: 3.5ns
The critical path consists of the following:
	bus access on port 'mem' (../fc_test/fc_layer.cpp:49) [106]  (3.5 ns)

 <State 43>: 3.5ns
The critical path consists of the following:
	bus access on port 'mem' (../fc_test/fc_layer.cpp:49) [106]  (3.5 ns)

 <State 44>: 3.5ns
The critical path consists of the following:
	bus access on port 'mem' (../fc_test/fc_layer.cpp:49) [106]  (3.5 ns)

 <State 45>: 3.5ns
The critical path consists of the following:
	bus access on port 'mem' (../fc_test/fc_layer.cpp:49) [106]  (3.5 ns)

 <State 46>: 3.5ns
The critical path consists of the following:
	bus access on port 'mem' (../fc_test/fc_layer.cpp:49) [106]  (3.5 ns)

 <State 47>: 3.5ns
The critical path consists of the following:
	bus request on port 'mem' (../fc_test/fc_layer.cpp:51) [111]  (3.5 ns)

 <State 48>: 3.5ns
The critical path consists of the following:
	bus write on port 'mem' (../fc_test/fc_layer.cpp:51) [112]  (3.5 ns)

 <State 49>: 3.5ns
The critical path consists of the following:
	bus access on port 'mem' (../fc_test/fc_layer.cpp:51) [113]  (3.5 ns)

 <State 50>: 3.5ns
The critical path consists of the following:
	bus access on port 'mem' (../fc_test/fc_layer.cpp:51) [113]  (3.5 ns)

 <State 51>: 3.5ns
The critical path consists of the following:
	bus access on port 'mem' (../fc_test/fc_layer.cpp:51) [113]  (3.5 ns)

 <State 52>: 3.5ns
The critical path consists of the following:
	bus access on port 'mem' (../fc_test/fc_layer.cpp:51) [113]  (3.5 ns)


============================================================
+ Verbose Summary: Binding
============================================================
N/A
* FSMD analyzer results:
  - Output states:
 - Input state : 
  - Chain level:
	State 1
	State 2
	State 3
	State 4
	State 5
	State 6
	State 7
	State 8
	State 9
	State 10
	State 11
	State 12
	State 13
	State 14
	State 15
	State 16
	State 17
	State 18
	State 19
	State 20
	State 21
	State 22
	State 23
	State 24
	State 25
	State 26
	State 27
	State 28
	State 29
	State 30
	State 31
	State 32
	State 33
	State 34
	State 35
	State 36
	State 37
	State 38
	State 39
	State 40
	State 41
	State 42
	State 43
	State 44
	State 45
	State 46
	State 47
	State 48
	State 49
	State 50
	State 51
	State 52


============================================================
+ Verbose Summary: Datapath Resource usage 
============================================================
N/A
