#-----------------------------------------------------------
# Vivado v2017.2 (64-bit)
# SW Build 1909853 on Thu Jun 15 18:39:10 MDT 2017
# IP Build 1909766 on Thu Jun 15 19:58:00 MDT 2017
# Start of session at: Sat Mar 13 01:17:03 2021
# Process ID: 7339
# Current directory: /home/rewingchow/ECE1373_assignment2-2021_2017.2_optimized/hls_proj/fc_proj/solution1/impl/ip
# Command line: vivado -notrace -mode batch -source run_ippack.tcl
# Log file: /home/rewingchow/ECE1373_assignment2-2021_2017.2_optimized/hls_proj/fc_proj/solution1/impl/ip/vivado.log
# Journal file: /home/rewingchow/ECE1373_assignment2-2021_2017.2_optimized/hls_proj/fc_proj/solution1/impl/ip/vivado.jou
#-----------------------------------------------------------
source run_ippack.tcl -notrace
INFO: [IP_Flow 19-234] Refreshing IP repositories
INFO: [IP_Flow 19-1704] No user IP repositories specified
INFO: [IP_Flow 19-2313] Loaded Vivado IP repository '/opt/mnt/Xilinx/Vivado/2017.2/data/ip'.
WARNING: [IP_Flow 19-4832] The IP name 'fc_layer_ap_fmul_3_max_dsp_32' you have specified is long. The Windows operating system has path length limitations. It is recommended you use shorter names to reduce the likelihood of issues.
INFO: [IP_Flow 19-1686] Generating 'Synthesis' target for IP 'fc_layer_ap_fmul_3_max_dsp_32'...
INFO: [IP_Flow 19-1686] Generating 'Simulation' target for IP 'fc_layer_ap_fmul_3_max_dsp_32'...
WARNING: [IP_Flow 19-4832] The IP name 'fc_layer_ap_fadd_7_full_dsp_32' you have specified is long. The Windows operating system has path length limitations. It is recommended you use shorter names to reduce the likelihood of issues.
INFO: [IP_Flow 19-1686] Generating 'Synthesis' target for IP 'fc_layer_ap_fadd_7_full_dsp_32'...
INFO: [IP_Flow 19-1686] Generating 'Simulation' target for IP 'fc_layer_ap_fadd_7_full_dsp_32'...
WARNING: [IP_Flow 19-4832] The IP name 'fc_layer_ap_fcmp_0_no_dsp_32' you have specified is long. The Windows operating system has path length limitations. It is recommended you use shorter names to reduce the likelihood of issues.
INFO: [IP_Flow 19-1686] Generating 'Synthesis' target for IP 'fc_layer_ap_fcmp_0_no_dsp_32'...
INFO: [IP_Flow 19-1686] Generating 'Simulation' target for IP 'fc_layer_ap_fcmp_0_no_dsp_32'...
INFO: [IP_Flow 19-234] Refreshing IP repositories
INFO: [IP_Flow 19-1704] No user IP repositories specified
INFO: [IP_Flow 19-2313] Loaded Vivado IP repository '/opt/mnt/Xilinx/Vivado/2017.2/data/ip'.
INFO: [Common 17-206] Exiting Vivado at Sat Mar 13 01:17:21 2021...
